<?xml version='1.0' encoding='UTF-8'?>
<result plugin="junit@1.19">
  <suites>
    <suite>
      <file>/var/lib/jenkins/workspace/Build_CI/Spring3HibernateApp/target/surefire-reports/TEST-com.sample.bean.EmployeeBeanTest.xml</file>
      <name>com.sample.bean.EmployeeBeanTest</name>
      <duration>0.017</duration>
      <time>0.017</time>
      <cases>
        <case>
          <duration>0.017</duration>
          <className>com.sample.bean.EmployeeBeanTest</className>
          <testName>testGetterSetter</testName>
          <skipped>false</skipped>
          <failedSince>0</failedSince>
        </case>
        <case>
          <duration>0.021</duration>
          <className>com.sample.bean.EmployeeBeanTest</className>
          <testName>testGetterSetter</testName>
          <skipped>false</skipped>
          <failedSince>0</failedSince>
        </case>
      </cases>
    </suite>
    <suite>
      <file>/var/lib/jenkins/workspace/Build_CI/Spring3HibernateApp/target/surefire-reports/TEST-com.sample.service.EmployeeServiceImplTest.xml</file>
      <name>com.sample.service.EmployeeServiceImplTest</name>
      <duration>0.024</duration>
      <time>0.024</time>
      <cases>
        <case>
          <duration>0.023</duration>
          <className>com.sample.service.EmployeeServiceImplTest</className>
          <testName>testEmployeeNotAvailable</testName>
          <skipped>false</skipped>
          <failedSince>0</failedSince>
        </case>
        <case>
          <duration>0.001</duration>
          <className>com.sample.service.EmployeeServiceImplTest</className>
          <testName>testEmployeeAvailable</testName>
          <skipped>false</skipped>
          <failedSince>0</failedSince>
        </case>
        <case>
          <duration>0.02</duration>
          <className>com.sample.service.EmployeeServiceImplTest</className>
          <testName>testEmployeeNotAvailable</testName>
          <skipped>false</skipped>
          <failedSince>0</failedSince>
        </case>
        <case>
          <duration>0.001</duration>
          <className>com.sample.service.EmployeeServiceImplTest</className>
          <testName>testEmployeeAvailable</testName>
          <skipped>false</skipped>
          <failedSince>0</failedSince>
        </case>
      </cases>
    </suite>
  </suites>
  <duration>0.083</duration>
  <keepLongStdio>false</keepLongStdio>
</result>